<?xml version="1.0" encoding="UTF-8"?>
<!-- Generated by org.testng.reporters.JUnitXMLReporter -->
<testsuite ignored="0" hostname="LAPTOP-79JCM0AS" failures="0" tests="2" name="Test" time="1.782" errors="0" timestamp="27 May 2022 16:09:50 GMT">
  <testcase classname="com.crm.qa.tests.RejisterPageTest" name="@BeforeMethod setup" time="1.735">
    <failure type="org.openqa.selenium.SessionNotCreatedException" message="session not created: This version of ChromeDriver only supports Chrome version 100
Current browser version is 102.0.5005.62 with binary path C:\Program Files\Google\Chrome\Application\chrome.exe
Build info: version: &amp;apos;3.14.0&amp;apos;, revision: &amp;apos;aacccce0&amp;apos;, time: &amp;apos;2018-08-02T20:19:58.91Z&amp;apos;
System info: host: &amp;apos;LAPTOP-79JCM0AS&amp;apos;, ip: &amp;apos;172.20.3.219&amp;apos;, os.name: &amp;apos;Windows 10&amp;apos;, os.arch: &amp;apos;amd64&amp;apos;, os.version: &amp;apos;10.0&amp;apos;, java.version: &amp;apos;17.0.2&amp;apos;
Driver info: driver.version: ChromeDriver
remote stacktrace: Backtrace:
	Ordinal0 [0x00677413+2389011]
	Ordinal0 [0x00609F61+1941345]
	Ordinal0 [0x004FC658+837208]
	Ordinal0 [0x0051C773+968563]
	Ordinal0 [0x0051837A+951162]
	Ordinal0 [0x00515C51+941137]
	Ordinal0 [0x00548C80+1150080]
	Ordinal0 [0x005488DA+1149146]
	Ordinal0 [0x00543F66+1130342]
	Ordinal0 [0x0051E546+976198]
	Ordinal0 [0x0051F456+980054]
	GetHandleVerifier [0x00829632+1727522]
	GetHandleVerifier [0x008DBA4D+2457661]
	GetHandleVerifier [0x0070EB81+569713]
	GetHandleVerifier [0x0070DD76+566118]
	Ordinal0 [0x00610B2B+1968939]
	Ordinal0 [0x00615988+1989000]
	Ordinal0 [0x00615A75+1989237]
	Ordinal0 [0x0061ECB1+2026673]
	BaseThreadInitThunk [0x763BFA29+25]
	RtlGetAppContainerNamedObjectPath [0x77B37A7E+286]
	RtlGetAppContainerNamedObjectPath [0x77B37A4E+238]
">
      <![CDATA[org.openqa.selenium.SessionNotCreatedException: session not created: This version of ChromeDriver only supports Chrome version 100
Current browser version is 102.0.5005.62 with binary path C:\Program Files\Google\Chrome\Application\chrome.exe
Build info: version: '3.14.0', revision: 'aacccce0', time: '2018-08-02T20:19:58.91Z'
System info: host: 'LAPTOP-79JCM0AS', ip: '172.20.3.219', os.name: 'Windows 10', os.arch: 'amd64', os.version: '10.0', java.version: '17.0.2'
Driver info: driver.version: ChromeDriver
remote stacktrace: Backtrace:
	Ordinal0 [0x00677413+2389011]
	Ordinal0 [0x00609F61+1941345]
	Ordinal0 [0x004FC658+837208]
	Ordinal0 [0x0051C773+968563]
	Ordinal0 [0x0051837A+951162]
	Ordinal0 [0x00515C51+941137]
	Ordinal0 [0x00548C80+1150080]
	Ordinal0 [0x005488DA+1149146]
	Ordinal0 [0x00543F66+1130342]
	Ordinal0 [0x0051E546+976198]
	Ordinal0 [0x0051F456+980054]
	GetHandleVerifier [0x00829632+1727522]
	GetHandleVerifier [0x008DBA4D+2457661]
	GetHandleVerifier [0x0070EB81+569713]
	GetHandleVerifier [0x0070DD76+566118]
	Ordinal0 [0x00610B2B+1968939]
	Ordinal0 [0x00615988+1989000]
	Ordinal0 [0x00615A75+1989237]
	Ordinal0 [0x0061ECB1+2026673]
	BaseThreadInitThunk [0x763BFA29+25]
	RtlGetAppContainerNamedObjectPath [0x77B37A7E+286]
	RtlGetAppContainerNamedObjectPath [0x77B37A4E+238]

	at org.openqa.selenium.remote.W3CHandshakeResponse.lambda$new$0(W3CHandshakeResponse.java:57)
	at org.openqa.selenium.remote.W3CHandshakeResponse.lambda$getResponseFunction$2(W3CHandshakeResponse.java:104)
	at org.openqa.selenium.remote.ProtocolHandshake.lambda$createSession$0(ProtocolHandshake.java:122)
	at java.base/java.util.stream.ReferencePipeline$3$1.accept(ReferencePipeline.java:197)
	at java.base/java.util.Spliterators$ArraySpliterator.tryAdvance(Spliterators.java:1002)
	at java.base/java.util.stream.ReferencePipeline.forEachWithCancel(ReferencePipeline.java:129)
	at java.base/java.util.stream.AbstractPipeline.copyIntoWithCancel(AbstractPipeline.java:527)
	at java.base/java.util.stream.AbstractPipeline.copyInto(AbstractPipeline.java:513)
	at java.base/java.util.stream.AbstractPipeline.wrapAndCopyInto(AbstractPipeline.java:499)
	at java.base/java.util.stream.FindOps$FindOp.evaluateSequential(FindOps.java:150)
	at java.base/java.util.stream.AbstractPipeline.evaluate(AbstractPipeline.java:234)
	at java.base/java.util.stream.ReferencePipeline.findFirst(ReferencePipeline.java:647)
	at org.openqa.selenium.remote.ProtocolHandshake.createSession(ProtocolHandshake.java:125)
	at org.openqa.selenium.remote.ProtocolHandshake.createSession(ProtocolHandshake.java:73)
	at org.openqa.selenium.remote.HttpCommandExecutor.execute(HttpCommandExecutor.java:136)
	at org.openqa.selenium.remote.service.DriverCommandExecutor.execute(DriverCommandExecutor.java:83)
	at org.openqa.selenium.remote.RemoteWebDriver.execute(RemoteWebDriver.java:548)
	at org.openqa.selenium.remote.RemoteWebDriver.startSession(RemoteWebDriver.java:212)
	at org.openqa.selenium.remote.RemoteWebDriver.<init>(RemoteWebDriver.java:130)
	at org.openqa.selenium.chrome.ChromeDriver.<init>(ChromeDriver.java:181)
	at org.openqa.selenium.chrome.ChromeDriver.<init>(ChromeDriver.java:168)
	at org.openqa.selenium.chrome.ChromeDriver.<init>(ChromeDriver.java:123)
	at com.crm.qa.base.TestBase.intalization(TestBase.java:43)
	at com.crm.qa.tests.RejisterPageTest.setup(RejisterPageTest.java:27)
... Removed 32 stack frames]]>
    </failure>
  </testcase> <!-- @BeforeMethod setup -->
  <testcase classname="com.crm.qa.tests.RejisterPageTest" name="@BeforeMethod setup" time="0.0">
    <skipped/>
  </testcase> <!-- @BeforeMethod setup -->
  <testcase classname="com.crm.qa.tests.RejisterPageTest" name="joblinkclick" time="0.0">
    <skipped/>
  </testcase> <!-- joblinkclick -->
  <testcase classname="com.crm.qa.tests.RejisterPageTest" name="titleofpage" time="0.0">
    <skipped/>
  </testcase> <!-- titleofpage -->
</testsuite> <!-- Test -->
